<?xml version="1.0" encoding="UTF-8"?>
<testsuite xmlns:xsi="http://www.w3.org/2001/XMLSchema-instance" xsi:noNamespaceSchemaLocation="https://maven.apache.org/surefire/maven-surefire-plugin/xsd/surefire-test-report.xsd" name="com.ritrageproduction.doorbell.DoorBellApplicationTests" time="0.052" tests="1" errors="0" skipped="0" failures="0">
  <properties>
    <property name="sun.desktop" value="windows"/>
    <property name="awt.toolkit" value="sun.awt.windows.WToolkit"/>
    <property name="java.specification.version" value="11"/>
    <property name="sun.cpu.isalist" value="amd64"/>
    <property name="sun.jnu.encoding" value="Cp1252"/>
    <property name="java.class.path" value="D:\RitRageProductions\doorbell\doorbell\target\test-classes;D:\RitRageProductions\doorbell\doorbell\target\classes;C:\Users\Ritwik\.m2\repository\org\springframework\boot\spring-boot-starter-web\2.1.18.RELEASE\spring-boot-starter-web-2.1.18.RELEASE.jar;C:\Users\Ritwik\.m2\repository\org\springframework\boot\spring-boot-starter\2.1.18.RELEASE\spring-boot-starter-2.1.18.RELEASE.jar;C:\Users\Ritwik\.m2\repository\org\springframework\boot\spring-boot-starter-logging\2.1.18.RELEASE\spring-boot-starter-logging-2.1.18.RELEASE.jar;C:\Users\Ritwik\.m2\repository\ch\qos\logback\logback-classic\1.2.3\logback-classic-1.2.3.jar;C:\Users\Ritwik\.m2\repository\ch\qos\logback\logback-core\1.2.3\logback-core-1.2.3.jar;C:\Users\Ritwik\.m2\repository\org\apache\logging\log4j\log4j-to-slf4j\2.11.2\log4j-to-slf4j-2.11.2.jar;C:\Users\Ritwik\.m2\repository\org\apache\logging\log4j\log4j-api\2.11.2\log4j-api-2.11.2.jar;C:\Users\Ritwik\.m2\repository\org\slf4j\jul-to-slf4j\1.7.30\jul-to-slf4j-1.7.30.jar;C:\Users\Ritwik\.m2\repository\javax\annotation\javax.annotation-api\1.3.2\javax.annotation-api-1.3.2.jar;C:\Users\Ritwik\.m2\repository\org\yaml\snakeyaml\1.23\snakeyaml-1.23.jar;C:\Users\Ritwik\.m2\repository\org\springframework\boot\spring-boot-starter-json\2.1.18.RELEASE\spring-boot-starter-json-2.1.18.RELEASE.jar;C:\Users\Ritwik\.m2\repository\com\fasterxml\jackson\datatype\jackson-datatype-jdk8\2.9.10\jackson-datatype-jdk8-2.9.10.jar;C:\Users\Ritwik\.m2\repository\com\fasterxml\jackson\datatype\jackson-datatype-jsr310\2.9.10\jackson-datatype-jsr310-2.9.10.jar;C:\Users\Ritwik\.m2\repository\com\fasterxml\jackson\module\jackson-module-parameter-names\2.9.10\jackson-module-parameter-names-2.9.10.jar;C:\Users\Ritwik\.m2\repository\org\springframework\boot\spring-boot-starter-tomcat\2.1.18.RELEASE\spring-boot-starter-tomcat-2.1.18.RELEASE.jar;C:\Users\Ritwik\.m2\repository\org\apache\tomcat\embed\tomcat-embed-core\9.0.39\tomcat-embed-core-9.0.39.jar;C:\Users\Ritwik\.m2\repository\org\apache\tomcat\embed\tomcat-embed-el\9.0.39\tomcat-embed-el-9.0.39.jar;C:\Users\Ritwik\.m2\repository\org\apache\tomcat\embed\tomcat-embed-websocket\9.0.39\tomcat-embed-websocket-9.0.39.jar;C:\Users\Ritwik\.m2\repository\org\hibernate\validator\hibernate-validator\6.0.21.Final\hibernate-validator-6.0.21.Final.jar;C:\Users\Ritwik\.m2\repository\javax\validation\validation-api\2.0.1.Final\validation-api-2.0.1.Final.jar;C:\Users\Ritwik\.m2\repository\org\jboss\logging\jboss-logging\3.3.3.Final\jboss-logging-3.3.3.Final.jar;C:\Users\Ritwik\.m2\repository\com\fasterxml\classmate\1.4.0\classmate-1.4.0.jar;C:\Users\Ritwik\.m2\repository\org\springframework\spring-web\5.1.19.RELEASE\spring-web-5.1.19.RELEASE.jar;C:\Users\Ritwik\.m2\repository\org\springframework\spring-beans\5.1.19.RELEASE\spring-beans-5.1.19.RELEASE.jar;C:\Users\Ritwik\.m2\repository\org\springframework\spring-webmvc\5.1.19.RELEASE\spring-webmvc-5.1.19.RELEASE.jar;C:\Users\Ritwik\.m2\repository\org\springframework\spring-aop\5.1.19.RELEASE\spring-aop-5.1.19.RELEASE.jar;C:\Users\Ritwik\.m2\repository\org\springframework\spring-context\5.1.19.RELEASE\spring-context-5.1.19.RELEASE.jar;C:\Users\Ritwik\.m2\repository\org\springframework\spring-expression\5.1.19.RELEASE\spring-expression-5.1.19.RELEASE.jar;C:\Users\Ritwik\.m2\repository\org\springframework\boot\spring-boot-devtools\2.1.18.RELEASE\spring-boot-devtools-2.1.18.RELEASE.jar;C:\Users\Ritwik\.m2\repository\org\springframework\boot\spring-boot\2.1.18.RELEASE\spring-boot-2.1.18.RELEASE.jar;C:\Users\Ritwik\.m2\repository\org\springframework\boot\spring-boot-autoconfigure\2.1.18.RELEASE\spring-boot-autoconfigure-2.1.18.RELEASE.jar;C:\Users\Ritwik\.m2\repository\org\springframework\boot\spring-boot-starter-test\2.1.18.RELEASE\spring-boot-starter-test-2.1.18.RELEASE.jar;C:\Users\Ritwik\.m2\repository\org\springframework\boot\spring-boot-test\2.1.18.RELEASE\spring-boot-test-2.1.18.RELEASE.jar;C:\Users\Ritwik\.m2\repository\org\springframework\boot\spring-boot-test-autoconfigure\2.1.18.RELEASE\spring-boot-test-autoconfigure-2.1.18.RELEASE.jar;C:\Users\Ritwik\.m2\repository\com\jayway\jsonpath\json-path\2.4.0\json-path-2.4.0.jar;C:\Users\Ritwik\.m2\repository\net\minidev\json-smart\2.3\json-smart-2.3.jar;C:\Users\Ritwik\.m2\repository\net\minidev\accessors-smart\1.2\accessors-smart-1.2.jar;C:\Users\Ritwik\.m2\repository\org\ow2\asm\asm\5.0.4\asm-5.0.4.jar;C:\Users\Ritwik\.m2\repository\junit\junit\4.12\junit-4.12.jar;C:\Users\Ritwik\.m2\repository\org\assertj\assertj-core\3.11.1\assertj-core-3.11.1.jar;C:\Users\Ritwik\.m2\repository\org\mockito\mockito-core\2.23.4\mockito-core-2.23.4.jar;C:\Users\Ritwik\.m2\repository\net\bytebuddy\byte-buddy\1.9.16\byte-buddy-1.9.16.jar;C:\Users\Ritwik\.m2\repository\net\bytebuddy\byte-buddy-agent\1.9.16\byte-buddy-agent-1.9.16.jar;C:\Users\Ritwik\.m2\repository\org\objenesis\objenesis\2.6\objenesis-2.6.jar;C:\Users\Ritwik\.m2\repository\org\hamcrest\hamcrest-core\1.3\hamcrest-core-1.3.jar;C:\Users\Ritwik\.m2\repository\org\hamcrest\hamcrest-library\1.3\hamcrest-library-1.3.jar;C:\Users\Ritwik\.m2\repository\org\skyscreamer\jsonassert\1.5.0\jsonassert-1.5.0.jar;C:\Users\Ritwik\.m2\repository\com\vaadin\external\google\android-json\0.0.20131108.vaadin1\android-json-0.0.20131108.vaadin1.jar;C:\Users\Ritwik\.m2\repository\org\springframework\spring-core\5.1.19.RELEASE\spring-core-5.1.19.RELEASE.jar;C:\Users\Ritwik\.m2\repository\org\springframework\spring-jcl\5.1.19.RELEASE\spring-jcl-5.1.19.RELEASE.jar;C:\Users\Ritwik\.m2\repository\org\springframework\spring-test\5.1.19.RELEASE\spring-test-5.1.19.RELEASE.jar;C:\Users\Ritwik\.m2\repository\org\xmlunit\xmlunit-core\2.6.4\xmlunit-core-2.6.4.jar;C:\Users\Ritwik\.m2\repository\com\twilio\sdk\twilio\7.54.2\twilio-7.54.2.jar;C:\Users\Ritwik\.m2\repository\com\google\guava\guava\29.0-android\guava-29.0-android.jar;C:\Users\Ritwik\.m2\repository\com\google\guava\failureaccess\1.0.1\failureaccess-1.0.1.jar;C:\Users\Ritwik\.m2\repository\com\google\guava\listenablefuture\9999.0-empty-to-avoid-conflict-with-guava\listenablefuture-9999.0-empty-to-avoid-conflict-with-guava.jar;C:\Users\Ritwik\.m2\repository\com\google\code\findbugs\jsr305\3.0.2\jsr305-3.0.2.jar;C:\Users\Ritwik\.m2\repository\org\checkerframework\checker-compat-qual\2.5.5\checker-compat-qual-2.5.5.jar;C:\Users\Ritwik\.m2\repository\com\google\errorprone\error_prone_annotations\2.3.4\error_prone_annotations-2.3.4.jar;C:\Users\Ritwik\.m2\repository\com\google\j2objc\j2objc-annotations\1.3\j2objc-annotations-1.3.jar;C:\Users\Ritwik\.m2\repository\joda-time\joda-time\2.10.8\joda-time-2.10.8.jar;C:\Users\Ritwik\.m2\repository\io\jsonwebtoken\jjwt-api\0.11.2\jjwt-api-0.11.2.jar;C:\Users\Ritwik\.m2\repository\io\jsonwebtoken\jjwt-jackson\0.11.2\jjwt-jackson-0.11.2.jar;C:\Users\Ritwik\.m2\repository\io\jsonwebtoken\jjwt-impl\0.11.2\jjwt-impl-0.11.2.jar;C:\Users\Ritwik\.m2\repository\org\apache\httpcomponents\httpclient\4.5.13\httpclient-4.5.13.jar;C:\Users\Ritwik\.m2\repository\org\apache\httpcomponents\httpcore\4.4.13\httpcore-4.4.13.jar;C:\Users\Ritwik\.m2\repository\com\fasterxml\jackson\core\jackson-core\2.9.10\jackson-core-2.9.10.jar;C:\Users\Ritwik\.m2\repository\com\fasterxml\jackson\core\jackson-annotations\2.9.10\jackson-annotations-2.9.10.jar;C:\Users\Ritwik\.m2\repository\com\fasterxml\jackson\core\jackson-databind\2.9.10.6\jackson-databind-2.9.10.6.jar;C:\Users\Ritwik\.m2\repository\javax\xml\bind\jaxb-api\2.3.1\jaxb-api-2.3.1.jar;C:\Users\Ritwik\.m2\repository\javax\activation\javax.activation-api\1.2.0\javax.activation-api-1.2.0.jar;C:\Users\Ritwik\.m2\repository\org\springframework\cloud\spring-cloud-gcp-starter\1.0.0.RELEASE\spring-cloud-gcp-starter-1.0.0.RELEASE.jar;C:\Users\Ritwik\.m2\repository\org\springframework\cloud\spring-cloud-gcp-core\1.0.0.RELEASE\spring-cloud-gcp-core-1.0.0.RELEASE.jar;C:\Users\Ritwik\.m2\repository\com\google\cloud\google-cloud-core\1.38.0\google-cloud-core-1.38.0.jar;C:\Users\Ritwik\.m2\repository\com\google\http-client\google-http-client\1.23.0\google-http-client-1.23.0.jar;C:\Users\Ritwik\.m2\repository\com\google\api\api-common\1.6.0\api-common-1.6.0.jar;C:\Users\Ritwik\.m2\repository\com\google\api\gax\1.29.0\gax-1.29.0.jar;C:\Users\Ritwik\.m2\repository\org\threeten\threetenbp\1.3.3\threetenbp-1.3.3.jar;C:\Users\Ritwik\.m2\repository\com\google\auth\google-auth-library-oauth2-http\0.9.1\google-auth-library-oauth2-http-0.9.1.jar;C:\Users\Ritwik\.m2\repository\com\google\auth\google-auth-library-credentials\0.9.1\google-auth-library-credentials-0.9.1.jar;C:\Users\Ritwik\.m2\repository\com\google\http-client\google-http-client-jackson2\1.19.0\google-http-client-jackson2-1.19.0.jar;C:\Users\Ritwik\.m2\repository\com\google\protobuf\protobuf-java-util\3.6.0\protobuf-java-util-3.6.0.jar;C:\Users\Ritwik\.m2\repository\com\google\protobuf\protobuf-java\3.6.0\protobuf-java-3.6.0.jar;C:\Users\Ritwik\.m2\repository\com\google\code\gson\gson\2.8.6\gson-2.8.6.jar;C:\Users\Ritwik\.m2\repository\com\google\api\grpc\proto-google-common-protos\1.12.0\proto-google-common-protos-1.12.0.jar;C:\Users\Ritwik\.m2\repository\com\google\api\grpc\proto-google-iam-v1\0.12.0\proto-google-iam-v1-0.12.0.jar;C:\Users\Ritwik\.m2\repository\org\springframework\cloud\spring-cloud-gcp-autoconfigure\1.0.0.RELEASE\spring-cloud-gcp-autoconfigure-1.0.0.RELEASE.jar;C:\Users\Ritwik\.m2\repository\org\slf4j\slf4j-api\1.7.30\slf4j-api-1.7.30.jar;"/>
    <property name="java.vm.vendor" value="Oracle Corporation"/>
    <property name="sun.arch.data.model" value="64"/>
    <property name="user.variant" value=""/>
    <property name="java.vendor.url" value="http://java.oracle.com/"/>
    <property name="user.timezone" value="Asia/Calcutta"/>
    <property name="java.vm.specification.version" value="11"/>
    <property name="os.name" value="Windows 10"/>
    <property name="sun.java.launcher" value="SUN_STANDARD"/>
    <property name="user.country" value="US"/>
    <property name="sun.boot.library.path" value="C:\Program Files\Java\jdk-11.0.1\bin"/>
    <property name="sun.java.command" value="C:\Users\Ritwik\AppData\Local\Temp\surefire16450729809735964623\surefirebooter15271249155394271880.jar C:\Users\Ritwik\AppData\Local\Temp\surefire16450729809735964623 2023-09-03T03-11-57_330-jvmRun1 surefire2987436343587436572tmp surefire_0346733159823776990tmp"/>
    <property name="jdk.debug" value="release"/>
    <property name="surefire.test.class.path" value="D:\RitRageProductions\doorbell\doorbell\target\test-classes;D:\RitRageProductions\doorbell\doorbell\target\classes;C:\Users\Ritwik\.m2\repository\org\springframework\boot\spring-boot-starter-web\2.1.18.RELEASE\spring-boot-starter-web-2.1.18.RELEASE.jar;C:\Users\Ritwik\.m2\repository\org\springframework\boot\spring-boot-starter\2.1.18.RELEASE\spring-boot-starter-2.1.18.RELEASE.jar;C:\Users\Ritwik\.m2\repository\org\springframework\boot\spring-boot-starter-logging\2.1.18.RELEASE\spring-boot-starter-logging-2.1.18.RELEASE.jar;C:\Users\Ritwik\.m2\repository\ch\qos\logback\logback-classic\1.2.3\logback-classic-1.2.3.jar;C:\Users\Ritwik\.m2\repository\ch\qos\logback\logback-core\1.2.3\logback-core-1.2.3.jar;C:\Users\Ritwik\.m2\repository\org\apache\logging\log4j\log4j-to-slf4j\2.11.2\log4j-to-slf4j-2.11.2.jar;C:\Users\Ritwik\.m2\repository\org\apache\logging\log4j\log4j-api\2.11.2\log4j-api-2.11.2.jar;C:\Users\Ritwik\.m2\repository\org\slf4j\jul-to-slf4j\1.7.30\jul-to-slf4j-1.7.30.jar;C:\Users\Ritwik\.m2\repository\javax\annotation\javax.annotation-api\1.3.2\javax.annotation-api-1.3.2.jar;C:\Users\Ritwik\.m2\repository\org\yaml\snakeyaml\1.23\snakeyaml-1.23.jar;C:\Users\Ritwik\.m2\repository\org\springframework\boot\spring-boot-starter-json\2.1.18.RELEASE\spring-boot-starter-json-2.1.18.RELEASE.jar;C:\Users\Ritwik\.m2\repository\com\fasterxml\jackson\datatype\jackson-datatype-jdk8\2.9.10\jackson-datatype-jdk8-2.9.10.jar;C:\Users\Ritwik\.m2\repository\com\fasterxml\jackson\datatype\jackson-datatype-jsr310\2.9.10\jackson-datatype-jsr310-2.9.10.jar;C:\Users\Ritwik\.m2\repository\com\fasterxml\jackson\module\jackson-module-parameter-names\2.9.10\jackson-module-parameter-names-2.9.10.jar;C:\Users\Ritwik\.m2\repository\org\springframework\boot\spring-boot-starter-tomcat\2.1.18.RELEASE\spring-boot-starter-tomcat-2.1.18.RELEASE.jar;C:\Users\Ritwik\.m2\repository\org\apache\tomcat\embed\tomcat-embed-core\9.0.39\tomcat-embed-core-9.0.39.jar;C:\Users\Ritwik\.m2\repository\org\apache\tomcat\embed\tomcat-embed-el\9.0.39\tomcat-embed-el-9.0.39.jar;C:\Users\Ritwik\.m2\repository\org\apache\tomcat\embed\tomcat-embed-websocket\9.0.39\tomcat-embed-websocket-9.0.39.jar;C:\Users\Ritwik\.m2\repository\org\hibernate\validator\hibernate-validator\6.0.21.Final\hibernate-validator-6.0.21.Final.jar;C:\Users\Ritwik\.m2\repository\javax\validation\validation-api\2.0.1.Final\validation-api-2.0.1.Final.jar;C:\Users\Ritwik\.m2\repository\org\jboss\logging\jboss-logging\3.3.3.Final\jboss-logging-3.3.3.Final.jar;C:\Users\Ritwik\.m2\repository\com\fasterxml\classmate\1.4.0\classmate-1.4.0.jar;C:\Users\Ritwik\.m2\repository\org\springframework\spring-web\5.1.19.RELEASE\spring-web-5.1.19.RELEASE.jar;C:\Users\Ritwik\.m2\repository\org\springframework\spring-beans\5.1.19.RELEASE\spring-beans-5.1.19.RELEASE.jar;C:\Users\Ritwik\.m2\repository\org\springframework\spring-webmvc\5.1.19.RELEASE\spring-webmvc-5.1.19.RELEASE.jar;C:\Users\Ritwik\.m2\repository\org\springframework\spring-aop\5.1.19.RELEASE\spring-aop-5.1.19.RELEASE.jar;C:\Users\Ritwik\.m2\repository\org\springframework\spring-context\5.1.19.RELEASE\spring-context-5.1.19.RELEASE.jar;C:\Users\Ritwik\.m2\repository\org\springframework\spring-expression\5.1.19.RELEASE\spring-expression-5.1.19.RELEASE.jar;C:\Users\Ritwik\.m2\repository\org\springframework\boot\spring-boot-devtools\2.1.18.RELEASE\spring-boot-devtools-2.1.18.RELEASE.jar;C:\Users\Ritwik\.m2\repository\org\springframework\boot\spring-boot\2.1.18.RELEASE\spring-boot-2.1.18.RELEASE.jar;C:\Users\Ritwik\.m2\repository\org\springframework\boot\spring-boot-autoconfigure\2.1.18.RELEASE\spring-boot-autoconfigure-2.1.18.RELEASE.jar;C:\Users\Ritwik\.m2\repository\org\springframework\boot\spring-boot-starter-test\2.1.18.RELEASE\spring-boot-starter-test-2.1.18.RELEASE.jar;C:\Users\Ritwik\.m2\repository\org\springframework\boot\spring-boot-test\2.1.18.RELEASE\spring-boot-test-2.1.18.RELEASE.jar;C:\Users\Ritwik\.m2\repository\org\springframework\boot\spring-boot-test-autoconfigure\2.1.18.RELEASE\spring-boot-test-autoconfigure-2.1.18.RELEASE.jar;C:\Users\Ritwik\.m2\repository\com\jayway\jsonpath\json-path\2.4.0\json-path-2.4.0.jar;C:\Users\Ritwik\.m2\repository\net\minidev\json-smart\2.3\json-smart-2.3.jar;C:\Users\Ritwik\.m2\repository\net\minidev\accessors-smart\1.2\accessors-smart-1.2.jar;C:\Users\Ritwik\.m2\repository\org\ow2\asm\asm\5.0.4\asm-5.0.4.jar;C:\Users\Ritwik\.m2\repository\junit\junit\4.12\junit-4.12.jar;C:\Users\Ritwik\.m2\repository\org\assertj\assertj-core\3.11.1\assertj-core-3.11.1.jar;C:\Users\Ritwik\.m2\repository\org\mockito\mockito-core\2.23.4\mockito-core-2.23.4.jar;C:\Users\Ritwik\.m2\repository\net\bytebuddy\byte-buddy\1.9.16\byte-buddy-1.9.16.jar;C:\Users\Ritwik\.m2\repository\net\bytebuddy\byte-buddy-agent\1.9.16\byte-buddy-agent-1.9.16.jar;C:\Users\Ritwik\.m2\repository\org\objenesis\objenesis\2.6\objenesis-2.6.jar;C:\Users\Ritwik\.m2\repository\org\hamcrest\hamcrest-core\1.3\hamcrest-core-1.3.jar;C:\Users\Ritwik\.m2\repository\org\hamcrest\hamcrest-library\1.3\hamcrest-library-1.3.jar;C:\Users\Ritwik\.m2\repository\org\skyscreamer\jsonassert\1.5.0\jsonassert-1.5.0.jar;C:\Users\Ritwik\.m2\repository\com\vaadin\external\google\android-json\0.0.20131108.vaadin1\android-json-0.0.20131108.vaadin1.jar;C:\Users\Ritwik\.m2\repository\org\springframework\spring-core\5.1.19.RELEASE\spring-core-5.1.19.RELEASE.jar;C:\Users\Ritwik\.m2\repository\org\springframework\spring-jcl\5.1.19.RELEASE\spring-jcl-5.1.19.RELEASE.jar;C:\Users\Ritwik\.m2\repository\org\springframework\spring-test\5.1.19.RELEASE\spring-test-5.1.19.RELEASE.jar;C:\Users\Ritwik\.m2\repository\org\xmlunit\xmlunit-core\2.6.4\xmlunit-core-2.6.4.jar;C:\Users\Ritwik\.m2\repository\com\twilio\sdk\twilio\7.54.2\twilio-7.54.2.jar;C:\Users\Ritwik\.m2\repository\com\google\guava\guava\29.0-android\guava-29.0-android.jar;C:\Users\Ritwik\.m2\repository\com\google\guava\failureaccess\1.0.1\failureaccess-1.0.1.jar;C:\Users\Ritwik\.m2\repository\com\google\guava\listenablefuture\9999.0-empty-to-avoid-conflict-with-guava\listenablefuture-9999.0-empty-to-avoid-conflict-with-guava.jar;C:\Users\Ritwik\.m2\repository\com\google\code\findbugs\jsr305\3.0.2\jsr305-3.0.2.jar;C:\Users\Ritwik\.m2\repository\org\checkerframework\checker-compat-qual\2.5.5\checker-compat-qual-2.5.5.jar;C:\Users\Ritwik\.m2\repository\com\google\errorprone\error_prone_annotations\2.3.4\error_prone_annotations-2.3.4.jar;C:\Users\Ritwik\.m2\repository\com\google\j2objc\j2objc-annotations\1.3\j2objc-annotations-1.3.jar;C:\Users\Ritwik\.m2\repository\joda-time\joda-time\2.10.8\joda-time-2.10.8.jar;C:\Users\Ritwik\.m2\repository\io\jsonwebtoken\jjwt-api\0.11.2\jjwt-api-0.11.2.jar;C:\Users\Ritwik\.m2\repository\io\jsonwebtoken\jjwt-jackson\0.11.2\jjwt-jackson-0.11.2.jar;C:\Users\Ritwik\.m2\repository\io\jsonwebtoken\jjwt-impl\0.11.2\jjwt-impl-0.11.2.jar;C:\Users\Ritwik\.m2\repository\org\apache\httpcomponents\httpclient\4.5.13\httpclient-4.5.13.jar;C:\Users\Ritwik\.m2\repository\org\apache\httpcomponents\httpcore\4.4.13\httpcore-4.4.13.jar;C:\Users\Ritwik\.m2\repository\com\fasterxml\jackson\core\jackson-core\2.9.10\jackson-core-2.9.10.jar;C:\Users\Ritwik\.m2\repository\com\fasterxml\jackson\core\jackson-annotations\2.9.10\jackson-annotations-2.9.10.jar;C:\Users\Ritwik\.m2\repository\com\fasterxml\jackson\core\jackson-databind\2.9.10.6\jackson-databind-2.9.10.6.jar;C:\Users\Ritwik\.m2\repository\javax\xml\bind\jaxb-api\2.3.1\jaxb-api-2.3.1.jar;C:\Users\Ritwik\.m2\repository\javax\activation\javax.activation-api\1.2.0\javax.activation-api-1.2.0.jar;C:\Users\Ritwik\.m2\repository\org\springframework\cloud\spring-cloud-gcp-starter\1.0.0.RELEASE\spring-cloud-gcp-starter-1.0.0.RELEASE.jar;C:\Users\Ritwik\.m2\repository\org\springframework\cloud\spring-cloud-gcp-core\1.0.0.RELEASE\spring-cloud-gcp-core-1.0.0.RELEASE.jar;C:\Users\Ritwik\.m2\repository\com\google\cloud\google-cloud-core\1.38.0\google-cloud-core-1.38.0.jar;C:\Users\Ritwik\.m2\repository\com\google\http-client\google-http-client\1.23.0\google-http-client-1.23.0.jar;C:\Users\Ritwik\.m2\repository\com\google\api\api-common\1.6.0\api-common-1.6.0.jar;C:\Users\Ritwik\.m2\repository\com\google\api\gax\1.29.0\gax-1.29.0.jar;C:\Users\Ritwik\.m2\repository\org\threeten\threetenbp\1.3.3\threetenbp-1.3.3.jar;C:\Users\Ritwik\.m2\repository\com\google\auth\google-auth-library-oauth2-http\0.9.1\google-auth-library-oauth2-http-0.9.1.jar;C:\Users\Ritwik\.m2\repository\com\google\auth\google-auth-library-credentials\0.9.1\google-auth-library-credentials-0.9.1.jar;C:\Users\Ritwik\.m2\repository\com\google\http-client\google-http-client-jackson2\1.19.0\google-http-client-jackson2-1.19.0.jar;C:\Users\Ritwik\.m2\repository\com\google\protobuf\protobuf-java-util\3.6.0\protobuf-java-util-3.6.0.jar;C:\Users\Ritwik\.m2\repository\com\google\protobuf\protobuf-java\3.6.0\protobuf-java-3.6.0.jar;C:\Users\Ritwik\.m2\repository\com\google\code\gson\gson\2.8.6\gson-2.8.6.jar;C:\Users\Ritwik\.m2\repository\com\google\api\grpc\proto-google-common-protos\1.12.0\proto-google-common-protos-1.12.0.jar;C:\Users\Ritwik\.m2\repository\com\google\api\grpc\proto-google-iam-v1\0.12.0\proto-google-iam-v1-0.12.0.jar;C:\Users\Ritwik\.m2\repository\org\springframework\cloud\spring-cloud-gcp-autoconfigure\1.0.0.RELEASE\spring-cloud-gcp-autoconfigure-1.0.0.RELEASE.jar;C:\Users\Ritwik\.m2\repository\org\slf4j\slf4j-api\1.7.30\slf4j-api-1.7.30.jar;"/>
    <property name="sun.cpu.endian" value="little"/>
    <property name="user.home" value="C:\Users\Ritwik"/>
    <property name="user.language" value="en"/>
    <property name="java.specification.vendor" value="Oracle Corporation"/>
    <property name="java.version.date" value="2018-10-16"/>
    <property name="java.home" value="C:\Program Files\Java\jdk-11.0.1"/>
    <property name="file.separator" value="\"/>
    <property name="basedir" value="D:\RitRageProductions\doorbell\doorbell"/>
    <property name="java.vm.compressedOopsMode" value="32-bit"/>
    <property name="line.separator" value="&#10;"/>
    <property name="java.specification.name" value="Java Platform API Specification"/>
    <property name="java.vm.specification.vendor" value="Oracle Corporation"/>
    <property name="java.awt.graphicsenv" value="sun.awt.Win32GraphicsEnvironment"/>
    <property name="surefire.real.class.path" value="C:\Users\Ritwik\AppData\Local\Temp\surefire16450729809735964623\surefirebooter15271249155394271880.jar"/>
    <property name="user.script" value=""/>
    <property name="sun.management.compiler" value="HotSpot 64-Bit Tiered Compilers"/>
    <property name="java.runtime.version" value="11.0.1+13-LTS"/>
    <property name="user.name" value="Ritwik"/>
    <property name="path.separator" value=";"/>
    <property name="os.version" value="10.0"/>
    <property name="java.runtime.name" value="Java(TM) SE Runtime Environment"/>
    <property name="file.encoding" value="Cp1252"/>
    <property name="java.vm.name" value="Java HotSpot(TM) 64-Bit Server VM"/>
    <property name="java.vendor.version" value="18.9"/>
    <property name="localRepository" value="C:\Users\Ritwik\.m2\repository"/>
    <property name="java.vendor.url.bug" value="http://bugreport.java.com/bugreport/"/>
    <property name="java.io.tmpdir" value="C:\Users\Ritwik\AppData\Local\Temp\"/>
    <property name="idea.version" value="2023.2.1"/>
    <property name="java.version" value="11.0.1"/>
    <property name="user.dir" value="D:\RitRageProductions\doorbell\doorbell"/>
    <property name="os.arch" value="amd64"/>
    <property name="java.vm.specification.name" value="Java Virtual Machine Specification"/>
    <property name="java.awt.printerjob" value="sun.awt.windows.WPrinterJob"/>
    <property name="sun.os.patch.level" value=""/>
    <property name="java.library.path" value="C:\Program Files\Java\jdk-11.0.1\bin;C:\WINDOWS\Sun\Java\bin;C:\WINDOWS\system32;C:\WINDOWS;D:\Users\Ritwik\AppData\Local\Programs\Python\Python39;C:\Program Files (x86)\Common Files\Oracle\Java\javapath;C:\Program Files (x86)\Intel\Intel(R) Management Engine Components\iCLS\;C:\Program Files\Intel\Intel(R) Management Engine Components\iCLS\;C:\WINDOWS\system32;C:\WINDOWS;C:\WINDOWS\System32\Wbem;C:\WINDOWS\System32\WindowsPowerShell\v1.0\;C:\Program Files (x86)\Intel\Intel(R) Management Engine Components\DAL;C:\Program Files\Intel\Intel(R) Management Engine Components\DAL;C:\Program Files (x86)\Intel\Intel(R) Management Engine Components\IPT;C:\Program Files\Intel\Intel(R) Management Engine Components\IPT;C:\WINDOWS\System32\OpenSSH\;D:\Program Files\nodejs\;D:\Program Files (x86)\WinSCP\;C:\Program Files\Git\cmd;C:\Program Files\dotnet\;C:\Program Files\MySQL\MySQL Shell 8.0\bin\;D:\Users\Ritwik\AppData\Local\Programs\Python\Python39;C:\Users\Ritwik\AppData\Local\Microsoft\WindowsApps;C:\Users\Ritwik\AppData\Roaming\npm;;D:\Users\Ritwik\AppData\Local\Programs\Microsoft VS Code\bin;C:\Program Files\heroku\bin;."/>
    <property name="java.vendor" value="Oracle Corporation"/>
    <property name="java.vm.info" value="mixed mode"/>
    <property name="java.vm.version" value="11.0.1+13-LTS"/>
    <property name="sun.io.unicode.encoding" value="UnicodeLittle"/>
    <property name="java.class.version" value="55.0"/>
  </properties>
  <testcase name="contextLoads" classname="com.ritrageproduction.doorbell.DoorBellApplicationTests" time="0.002"/>
</testsuite>